<?xml version="1.0" encoding="UTF-8" standalone="yes"?><!DOCTYPE report PUBLIC "-//JACOCO//DTD Report 1.1//EN" "report.dtd"><report name="notificator"><sessioninfo id="Nilsons-MacBook-Pro.local-b514f9f3" start="1677244548013" dump="1677244553720"/><package name="com/epam/engx/notificator"><class name="com/epam/engx/notificator/NotificationService" sourcefilename="NotificationService.java"><method name="&lt;init&gt;" desc="(Ljava/util/List;)V" line="13"><counter type="INSTRUCTION" missed="0" covered="6"/><counter type="LINE" missed="0" covered="3"/><counter type="COMPLEXITY" missed="0" covered="1"/><counter type="METHOD" missed="0" covered="1"/></method><method name="sendNotifications" desc="(Lcom/epam/engx/notificator/dto/Person;Lcom/epam/engx/notificator/dto/UserAction;)V" line="19"><counter type="INSTRUCTION" missed="0" covered="11"/><counter type="LINE" missed="0" covered="4"/><counter type="COMPLEXITY" missed="0" covered="1"/><counter type="METHOD" missed="0" covered="1"/></method><method name="lambda$sendNotifications$1" desc="(Lcom/epam/engx/notificator/dto/Person;Lcom/epam/engx/notificator/dto/UserAction;Lcom/epam/engx/notificator/INotificator;)V" line="21"><counter type="INSTRUCTION" missed="0" covered="5"/><counter type="LINE" missed="0" covered="1"/><counter type="COMPLEXITY" missed="0" covered="1"/><counter type="METHOD" missed="0" covered="1"/></method><method name="lambda$sendNotifications$0" desc="(Lcom/epam/engx/notificator/dto/UserAction;Lcom/epam/engx/notificator/INotificator;)Z" line="20"><counter type="INSTRUCTION" missed="0" covered="4"/><counter type="LINE" missed="0" covered="1"/><counter type="COMPLEXITY" missed="0" covered="1"/><counter type="METHOD" missed="0" covered="1"/></method><counter type="INSTRUCTION" missed="0" covered="26"/><counter type="LINE" missed="0" covered="7"/><counter type="COMPLEXITY" missed="0" covered="4"/><counter type="METHOD" missed="0" covered="4"/><counter type="CLASS" missed="0" covered="1"/></class><class name="com/epam/engx/notificator/INotificator" sourcefilename="INotificator.java"/><sourcefile name="INotificator.java"/><sourcefile name="NotificationService.java"><line nr="13" mi="0" ci="2" mb="0" cb="0"/><line nr="14" mi="0" ci="3" mb="0" cb="0"/><line nr="15" mi="0" ci="1" mb="0" cb="0"/><line nr="19" mi="0" ci="5" mb="0" cb="0"/><line nr="20" mi="0" ci="8" mb="0" cb="0"/><line nr="21" mi="0" ci="6" mb="0" cb="0"/><line nr="22" mi="0" ci="1" mb="0" cb="0"/><counter type="INSTRUCTION" missed="0" covered="26"/><counter type="LINE" missed="0" covered="7"/><counter type="COMPLEXITY" missed="0" covered="4"/><counter type="METHOD" missed="0" covered="4"/><counter type="CLASS" missed="0" covered="1"/></sourcefile><counter type="INSTRUCTION" missed="0" covered="26"/><counter type="LINE" missed="0" covered="7"/><counter type="COMPLEXITY" missed="0" covered="4"/><counter type="METHOD" missed="0" covered="4"/><counter type="CLASS" missed="0" covered="1"/></package><package name="com/epam/engx/notificator/dto"><class name="com/epam/engx/notificator/dto/UserAction" sourcefilename="UserAction.java"><method name="&lt;clinit&gt;" desc="()V" line="3"><counter type="INSTRUCTION" missed="0" covered="15"/><counter type="LINE" missed="0" covered="3"/><counter type="COMPLEXITY" missed="0" covered="1"/><counter type="METHOD" missed="0" covered="1"/></method><counter type="INSTRUCTION" missed="0" covered="15"/><counter type="LINE" missed="0" covered="3"/><counter type="COMPLEXITY" missed="0" covered="1"/><counter type="METHOD" missed="0" covered="1"/><counter type="CLASS" missed="0" covered="1"/></class><class name="com/epam/engx/notificator/dto/Person" sourcefilename="Person.java"><method name="&lt;init&gt;" desc="(JLjava/lang/String;)V" line="3"><counter type="INSTRUCTION" missed="0" covered="9"/><counter type="LINE" missed="0" covered="1"/><counter type="COMPLEXITY" missed="0" covered="1"/><counter type="METHOD" missed="0" covered="1"/></method><method name="id" desc="()J" line="3"><counter type="INSTRUCTION" missed="3" covered="0"/><counter type="LINE" missed="1" covered="0"/><counter type="COMPLEXITY" missed="1" covered="0"/><counter type="METHOD" missed="1" covered="0"/></method><method name="name" desc="()Ljava/lang/String;" line="3"><counter type="INSTRUCTION" missed="3" covered="0"/><counter type="LINE" missed="1" covered="0"/><counter type="COMPLEXITY" missed="1" covered="0"/><counter type="METHOD" missed="1" covered="0"/></method><counter type="INSTRUCTION" missed="6" covered="9"/><counter type="LINE" missed="0" covered="1"/><counter type="COMPLEXITY" missed="2" covered="1"/><counter type="METHOD" missed="2" covered="1"/><counter type="CLASS" missed="0" covered="1"/></class><sourcefile name="UserAction.java"><line nr="3" mi="0" ci="3" mb="0" cb="0"/><line nr="4" mi="0" ci="6" mb="0" cb="0"/><line nr="5" mi="0" ci="6" mb="0" cb="0"/><counter type="INSTRUCTION" missed="0" covered="15"/><counter type="LINE" missed="0" covered="3"/><counter type="COMPLEXITY" missed="0" covered="1"/><counter type="METHOD" missed="0" covered="1"/><counter type="CLASS" missed="0" covered="1"/></sourcefile><sourcefile name="Person.java"><line nr="3" mi="6" ci="9" mb="0" cb="0"/><counter type="INSTRUCTION" missed="6" covered="9"/><counter type="LINE" missed="0" covered="1"/><counter type="COMPLEXITY" missed="2" covered="1"/><counter type="METHOD" missed="2" covered="1"/><counter type="CLASS" missed="0" covered="1"/></sourcefile><counter type="INSTRUCTION" missed="6" covered="24"/><counter type="LINE" missed="0" covered="4"/><counter type="COMPLEXITY" missed="2" covered="2"/><counter type="METHOD" missed="2" covered="2"/><counter type="CLASS" missed="0" covered="2"/></package><counter type="INSTRUCTION" missed="6" covered="50"/><counter type="LINE" missed="0" covered="11"/><counter type="COMPLEXITY" missed="2" covered="6"/><counter type="METHOD" missed="2" covered="6"/><counter type="CLASS" missed="0" covered="3"/></report>